Using pre-set license
Built from '2020.3/staging' branch; Version is '2020.3.18f1 (a7d1c678663c) revision 10998214'; Using compiler version '192528614'; Build Type 'Release'
OS: 'Windows 10 Home; OS build 19043.1237; Version 2009; 64bit' Language: 'en' Physical Memory: 16319 MB
BatchMode: 1, IsHumanControllingUs: 0, StartBugReporterOnCrash: 0, Is64bit: 1, IsPro: 0

COMMAND LINE ARGUMENTS:
C:\Program Files\Unity\Hub\Editor\2020.3.18f1\Editor\Unity.exe
-adb2
-batchMode
-noUpm
-name
AssetImportWorker0
-projectPath
C:/Users/User1/Documents/Unity/GitHub/Driver2D
-logFile
Logs/AssetImportWorker0.log
-srvPort
65093
Successfully changed project path to: C:/Users/User1/Documents/Unity/GitHub/Driver2D
C:/Users/User1/Documents/Unity/GitHub/Driver2D
Using Asset Import Pipeline V2.
Refreshing native plugins compatible for Editor in 61.24 ms, found 3 plugins.
Preloading 0 native plugins for Editor in 0.00 ms.
Initialize engine version: 2020.3.18f1 (a7d1c678663c)
[Subsystems] Discovering subsystems at path C:/Program Files/Unity/Hub/Editor/2020.3.18f1/Editor/Data/Resources/UnitySubsystems
[Subsystems] Discovering subsystems at path C:/Users/User1/Documents/Unity/GitHub/Driver2D/Assets
GfxDevice: creating device client; threaded=0
Direct3D:
    Version:  Direct3D 11.0 [level 11.1]
    Renderer: NVIDIA GeForce GTX 1650 SUPER (ID=0x2187)
    Vendor:   
    VRAM:     3955 MB
    Driver:   27.21.14.6140
Initialize mono
Mono path[0] = 'C:/Program Files/Unity/Hub/Editor/2020.3.18f1/Editor/Data/Managed'
Mono path[1] = 'C:/Program Files/Unity/Hub/Editor/2020.3.18f1/Editor/Data/MonoBleedingEdge/lib/mono/unityjit'
Mono config path = 'C:/Program Files/Unity/Hub/Editor/2020.3.18f1/Editor/Data/MonoBleedingEdge/etc'
Using monoOptions --debugger-agent=transport=dt_socket,embedding=1,server=y,suspend=n,address=127.0.0.1:56384
Begin MonoManager ReloadAssembly
Registering precompiled unity dll's ...
Register platform support module: C:/Program Files/Unity/Hub/Editor/2020.3.18f1/Editor/Data/PlaybackEngines/WebGLSupport/UnityEditor.WebGL.Extensions.dll
Register platform support module: C:/Program Files/Unity/Hub/Editor/2020.3.18f1/Editor/Data/PlaybackEngines/WindowsStandaloneSupport/UnityEditor.WindowsStandalone.Extensions.dll
Registered in 0.007354 seconds.
Native extension for WindowsStandalone target not found
Native extension for WebGL target not found
Refreshing native plugins compatible for Editor in 53.88 ms, found 3 plugins.
Preloading 0 native plugins for Editor in 0.00 ms.
Mono: successfully reloaded assembly
- Completed reload, in  1.671 seconds
Domain Reload Profiling:
	ReloadAssembly (1671ms)
		BeginReloadAssembly (100ms)
			ExecutionOrderSort (0ms)
			DisableScriptedObjects (0ms)
			BackupInstance (0ms)
			ReleaseScriptingObjects (0ms)
			CreateAndSetChildDomain (1ms)
		EndReloadAssembly (571ms)
			LoadAssemblies (94ms)
			RebuildTransferFunctionScriptingTraits (0ms)
			SetupTypeCache (202ms)
			ReleaseScriptCaches (0ms)
			RebuildScriptCaches (37ms)
			SetupLoadedEditorAssemblies (224ms)
				LogAssemblyErrors (0ms)
				InitializePlatformSupportModulesInManaged (7ms)
				SetLoadedEditorAssemblies (0ms)
				RefreshPlugins (54ms)
				BeforeProcessingInitializeOnLoad (21ms)
				ProcessInitializeOnLoadAttributes (100ms)
				ProcessInitializeOnLoadMethodAttributes (41ms)
				AfterProcessingInitializeOnLoad (0ms)
				EditorAssembliesLoaded (0ms)
			ExecutionOrderSort2 (0ms)
			AwakeInstancesAfterBackupRestoration (0ms)
Platform modules already initialized, skipping
Registering precompiled user dll's ...
Registered in 0.009888 seconds.
Begin MonoManager ReloadAssembly
Native extension for WindowsStandalone target not found
Native extension for WebGL target not found
Refreshing native plugins compatible for Editor in 55.72 ms, found 3 plugins.
Preloading 0 native plugins for Editor in 0.00 ms.
Mono: successfully reloaded assembly
- Completed reload, in  1.581 seconds
Domain Reload Profiling:
	ReloadAssembly (1583ms)
		BeginReloadAssembly (200ms)
			ExecutionOrderSort (0ms)
			DisableScriptedObjects (6ms)
			BackupInstance (0ms)
			ReleaseScriptingObjects (0ms)
			CreateAndSetChildDomain (25ms)
		EndReloadAssembly (1279ms)
			LoadAssemblies (143ms)
			RebuildTransferFunctionScriptingTraits (0ms)
			SetupTypeCache (393ms)
			ReleaseScriptCaches (1ms)
			RebuildScriptCaches (66ms)
			SetupLoadedEditorAssemblies (491ms)
				LogAssemblyErrors (0ms)
				InitializePlatformSupportModulesInManaged (7ms)
				SetLoadedEditorAssemblies (0ms)
				RefreshPlugins (56ms)
				BeforeProcessingInitializeOnLoad (115ms)
				ProcessInitializeOnLoadAttributes (279ms)
				ProcessInitializeOnLoadMethodAttributes (16ms)
				AfterProcessingInitializeOnLoad (18ms)
				EditorAssembliesLoaded (0ms)
			ExecutionOrderSort2 (0ms)
			AwakeInstancesAfterBackupRestoration (10ms)
Platform modules already initialized, skipping
========================================================================
Worker process is ready to serve import requests
Launched and connected shader compiler UnityShaderCompiler.exe after 0.08 seconds
Refreshing native plugins compatible for Editor in 0.54 ms, found 3 plugins.
Preloading 0 native plugins for Editor in 0.00 ms.
Unloading 2093 Unused Serialized files (Serialized files now loaded: 0)
System memory in use before: 93.1 MB.
System memory in use after: 93.2 MB.

Unloading 26 unused Assets to reduce memory usage. Loaded Objects now: 2532.
Total: 3.781600 ms (FindLiveObjects: 0.260200 ms CreateObjectMapping: 0.062100 ms MarkObjects: 3.381700 ms  DeleteObjects: 0.075800 ms)

AssetImportParameters requested are different than current active one (requested -> active):
  custom:framework-win-MediaFoundation: 216162199b28c13a410421893ffa2e32 -> 
  custom:video-decoder-ogg-theora: a1e56fd34408186e4bbccfd4996cb3dc -> 
  custom:container-muxer-webm: aa71ff27fc2769a1b78a27578f13a17b -> 
  custom:container-demuxer-webm: 4f35f7cbe854078d1ac9338744f61a02 -> 
  custom:container-demuxer-ogg: 62fdf1f143b41e24485cea50d1cbac27 -> 
  custom:video-encoder-webm-vp8: eb34c28f22e8b96e1ab97ce403110664 -> 
  custom:video-decoder-webm-vp8: 9c59270c3fd7afecdb556c50c9e8de78 -> 
  custom:audio-decoder-ogg-vorbis: bf7c407c2cedff20999df2af8eb42d56 -> 
  custom:audio-encoder-webm-vorbis: bf7c407c2cedff20999df2af8eb42d56 -> 
========================================================================
Received Import Request.
  path: Assets/Delivery Driver Assets/Intersection 2.png
  artifactKey: Guid(eaaaf135f7fff744ab8ab301cb38ff3b) Importer(815301076,1909f56bfc062723c751e8b465ee728b)
Start importing Assets/Delivery Driver Assets/Intersection 2.png using Guid(eaaaf135f7fff744ab8ab301cb38ff3b) Importer(815301076,1909f56bfc062723c751e8b465ee728b)  -> (artifact id: 'a8b001f366bde3f10bd74928f7649129') in 0.185508 seconds 
  Import took 0.189509 seconds .

========================================================================
Received Import Request.
  Time since last request: 0.000252 seconds.
  path: Assets/Delivery Driver Assets/Tree 1.png
  artifactKey: Guid(902cfea548161944bb76025c0b4277af) Importer(815301076,1909f56bfc062723c751e8b465ee728b)
Start importing Assets/Delivery Driver Assets/Tree 1.png using Guid(902cfea548161944bb76025c0b4277af) Importer(815301076,1909f56bfc062723c751e8b465ee728b)  -> (artifact id: '9ffc72aa0e0dfb5e9fd4ada912a81783') in 0.017195 seconds 
  Import took 0.021112 seconds .

========================================================================
Received Import Request.
  Time since last request: 0.000222 seconds.
  path: Assets/Delivery Driver Assets/Curve 2.png
  artifactKey: Guid(742bc1e655b25d44b81df3b966140bc4) Importer(815301076,1909f56bfc062723c751e8b465ee728b)
Start importing Assets/Delivery Driver Assets/Curve 2.png using Guid(742bc1e655b25d44b81df3b966140bc4) Importer(815301076,1909f56bfc062723c751e8b465ee728b)  -> (artifact id: 'beaeb1f3f34e0c8472acaf47bbaf1d78') in 0.022467 seconds 
  Import took 0.026224 seconds .

========================================================================
Received Import Request.
  Time since last request: 0.000284 seconds.
  path: Assets/Delivery Driver Assets/Car 1.png
  artifactKey: Guid(3b73fb04fa481d545847e3a424bb4a4c) Importer(815301076,1909f56bfc062723c751e8b465ee728b)
Start importing Assets/Delivery Driver Assets/Car 1.png using Guid(3b73fb04fa481d545847e3a424bb4a4c) Importer(815301076,1909f56bfc062723c751e8b465ee728b)  -> (artifact id: '0084692224ef6326f8b142c371f0615a') in 0.016434 seconds 
  Import took 0.020144 seconds .

========================================================================
Received Import Request.
  Time since last request: 0.000225 seconds.
  path: Assets/Delivery Driver Assets/House 2.png
  artifactKey: Guid(e9ab5e0f21768664ab6d285019950f12) Importer(815301076,1909f56bfc062723c751e8b465ee728b)
Start importing Assets/Delivery Driver Assets/House 2.png using Guid(e9ab5e0f21768664ab6d285019950f12) Importer(815301076,1909f56bfc062723c751e8b465ee728b)  -> (artifact id: '0915fa6c725ab6c3af48b4f18fae5e65') in 0.020844 seconds 
  Import took 0.024455 seconds .

========================================================================
Received Import Request.
  Time since last request: 0.000234 seconds.
  path: Assets/Delivery Driver Assets/Rocks 1.png
  artifactKey: Guid(cb9b9a8ae340af34cb2033692dbb56f2) Importer(815301076,1909f56bfc062723c751e8b465ee728b)
Start importing Assets/Delivery Driver Assets/Rocks 1.png using Guid(cb9b9a8ae340af34cb2033692dbb56f2) Importer(815301076,1909f56bfc062723c751e8b465ee728b)  -> (artifact id: 'a5f739807872cad2fbfb1fe625253a5e') in 0.017643 seconds 
  Import took 0.021161 seconds .

========================================================================
Received Import Request.
  Time since last request: 0.000233 seconds.
  path: Assets/Delivery Driver Assets/Corner 2.png
  artifactKey: Guid(937c7277c871fa2458a38aefe3b0f2ba) Importer(815301076,1909f56bfc062723c751e8b465ee728b)
Start importing Assets/Delivery Driver Assets/Corner 2.png using Guid(937c7277c871fa2458a38aefe3b0f2ba) Importer(815301076,1909f56bfc062723c751e8b465ee728b)  -> (artifact id: '317c5b39b3b16028e5aedee9a4f73073') in 0.018145 seconds 
  Import took 0.021672 seconds .

========================================================================
Received Import Request.
  Time since last request: 0.000237 seconds.
  path: Assets/Delivery Driver Assets/Bridge.png
  artifactKey: Guid(4a2294e998e6ac947821f9af7a98d80c) Importer(815301076,1909f56bfc062723c751e8b465ee728b)
Start importing Assets/Delivery Driver Assets/Bridge.png using Guid(4a2294e998e6ac947821f9af7a98d80c) Importer(815301076,1909f56bfc062723c751e8b465ee728b)  -> (artifact id: '7cdd19224150cc02a2b1f1aaf372ec1d') in 0.022376 seconds 
  Import took 0.025997 seconds .

========================================================================
Received Import Request.
  Time since last request: 0.000233 seconds.
  path: Assets/Delivery Driver Assets/Road 2.png
  artifactKey: Guid(6e6f2af09aa13e145b866da3c24758a5) Importer(815301076,1909f56bfc062723c751e8b465ee728b)
Start importing Assets/Delivery Driver Assets/Road 2.png using Guid(6e6f2af09aa13e145b866da3c24758a5) Importer(815301076,1909f56bfc062723c751e8b465ee728b)  -> (artifact id: 'a3f7e72328c333b0a991aad2848eebd5') in 0.018252 seconds 
  Import took 0.022315 seconds .

========================================================================
Received Import Request.
  Time since last request: 0.000254 seconds.
  path: Assets/Delivery Driver Assets/Bridge.png
  artifactKey: Guid(4a2294e998e6ac947821f9af7a98d80c) Importer(815301076,1909f56bfc062723c751e8b465ee728b)
Start importing Assets/Delivery Driver Assets/Bridge.png using Guid(4a2294e998e6ac947821f9af7a98d80c) Importer(815301076,1909f56bfc062723c751e8b465ee728b)  -> (artifact id: '7cdd19224150cc02a2b1f1aaf372ec1d') in 0.026545 seconds 
  Import took 0.030693 seconds .

========================================================================
Received Import Request.
  Time since last request: 0.000339 seconds.
  path: Assets/Delivery Driver Assets/Tree 4.png
  artifactKey: Guid(23a9300a351e60e4b80f04f65fcf9b5f) Importer(815301076,1909f56bfc062723c751e8b465ee728b)
Start importing Assets/Delivery Driver Assets/Tree 4.png using Guid(23a9300a351e60e4b80f04f65fcf9b5f) Importer(815301076,1909f56bfc062723c751e8b465ee728b)  -> (artifact id: '82cc4ba0410165b996e2bfdee2ad022c') in 0.027169 seconds 
  Import took 0.031231 seconds .

========================================================================
Received Import Request.
  Time since last request: 0.000228 seconds.
  path: Assets/Delivery Driver Assets/Curve 1.png
  artifactKey: Guid(3f43295317e5c734c9a85615eadb90f8) Importer(815301076,1909f56bfc062723c751e8b465ee728b)
Start importing Assets/Delivery Driver Assets/Curve 1.png using Guid(3f43295317e5c734c9a85615eadb90f8) Importer(815301076,1909f56bfc062723c751e8b465ee728b)  -> (artifact id: 'd6fa4cdff317c4ff8ead6996068d199e') in 0.025600 seconds 
  Import took 0.029540 seconds .

========================================================================
Received Import Request.
  Time since last request: 0.000201 seconds.
  path: Assets/Delivery Driver Assets/Car 3.png
  artifactKey: Guid(832107271224cad42bb46ca6bb4a6f45) Importer(815301076,1909f56bfc062723c751e8b465ee728b)
Start importing Assets/Delivery Driver Assets/Car 3.png using Guid(832107271224cad42bb46ca6bb4a6f45) Importer(815301076,1909f56bfc062723c751e8b465ee728b)  -> (artifact id: '943e5e2aafead1dc051701c9b5cad695') in 0.018645 seconds 
  Import took 0.022143 seconds .

========================================================================
Received Import Request.
  Time since last request: 0.000385 seconds.
  path: Assets/Delivery Driver Assets/Tree 2.png
  artifactKey: Guid(148652157e6c19b41a2adffe2c2f60bb) Importer(815301076,1909f56bfc062723c751e8b465ee728b)
Start importing Assets/Delivery Driver Assets/Tree 2.png using Guid(148652157e6c19b41a2adffe2c2f60bb) Importer(815301076,1909f56bfc062723c751e8b465ee728b)  -> (artifact id: '98d9c4d486e48184748c56bc8de3614e') in 0.025274 seconds 
  Import took 0.029144 seconds .

========================================================================
Received Import Request.
  Time since last request: 0.000509 seconds.
  path: Assets/Delivery Driver Assets/Road 3.png
  artifactKey: Guid(3cce0ee2e9765b04091c9c6d37dab6f6) Importer(815301076,1909f56bfc062723c751e8b465ee728b)
Start importing Assets/Delivery Driver Assets/Road 3.png using Guid(3cce0ee2e9765b04091c9c6d37dab6f6) Importer(815301076,1909f56bfc062723c751e8b465ee728b)  -> (artifact id: 'dd0e94ae03b11e1b089161f0729ab127') in 0.026501 seconds 
  Import took 0.030274 seconds .

========================================================================
Received Import Request.
  Time since last request: 0.000186 seconds.
  path: Assets/Delivery Driver Assets/House 1.png
  artifactKey: Guid(afebb3521bc2db74db13f2f068620bf1) Importer(815301076,1909f56bfc062723c751e8b465ee728b)
Start importing Assets/Delivery Driver Assets/House 1.png using Guid(afebb3521bc2db74db13f2f068620bf1) Importer(815301076,1909f56bfc062723c751e8b465ee728b)  -> (artifact id: '0fa2d22da04da394d035044b6b04b1c0') in 0.020603 seconds 
  Import took 0.024388 seconds .

========================================================================
Received Import Request.
  Time since last request: 0.000246 seconds.
  path: Assets/Delivery Driver Assets/Corner 1.png
  artifactKey: Guid(62221a96812210043a0a5abbacad18ac) Importer(815301076,1909f56bfc062723c751e8b465ee728b)
Start importing Assets/Delivery Driver Assets/Corner 1.png using Guid(62221a96812210043a0a5abbacad18ac) Importer(815301076,1909f56bfc062723c751e8b465ee728b)  -> (artifact id: '66ae66330383b67e96028050317400b3') in 0.029960 seconds 
  Import took 0.033922 seconds .

========================================================================
Received Import Request.
  Time since last request: 0.000229 seconds.
  path: Assets/Delivery Driver Assets/Road 4.png
  artifactKey: Guid(5214b0f09cb794944afd8b20850125e2) Importer(815301076,1909f56bfc062723c751e8b465ee728b)
Start importing Assets/Delivery Driver Assets/Road 4.png using Guid(5214b0f09cb794944afd8b20850125e2) Importer(815301076,1909f56bfc062723c751e8b465ee728b)  -> (artifact id: 'dcadea294cd45c5be93109efa5461272') in 0.025967 seconds 
  Import took 0.029689 seconds .

========================================================================
Received Import Request.
  Time since last request: 0.000256 seconds.
  path: Assets/Delivery Driver Assets/Car 2.png
  artifactKey: Guid(a8652ed689c63ff44967fc0c061a3266) Importer(815301076,1909f56bfc062723c751e8b465ee728b)
Start importing Assets/Delivery Driver Assets/Car 2.png using Guid(a8652ed689c63ff44967fc0c061a3266) Importer(815301076,1909f56bfc062723c751e8b465ee728b)  -> (artifact id: '9b43518cd24dcebcdcbe9b28af291357') in 0.015943 seconds 
  Import took 0.019654 seconds .

========================================================================
Received Import Request.
  Time since last request: 0.000232 seconds.
  path: Assets/Delivery Driver Assets/Tree 3.png
  artifactKey: Guid(c43877eb8d07e884996e2d0d1d7063bb) Importer(815301076,1909f56bfc062723c751e8b465ee728b)
Start importing Assets/Delivery Driver Assets/Tree 3.png using Guid(c43877eb8d07e884996e2d0d1d7063bb) Importer(815301076,1909f56bfc062723c751e8b465ee728b)  -> (artifact id: '86edecb2372fc3754baac663848fd386') in 0.018075 seconds 
  Import took 0.021559 seconds .

========================================================================
Received Import Request.
  Time since last request: 0.000227 seconds.
  path: Assets/Delivery Driver Assets/Road 1.png
  artifactKey: Guid(f135494de36f763449203eea835e18c4) Importer(815301076,1909f56bfc062723c751e8b465ee728b)
Start importing Assets/Delivery Driver Assets/Road 1.png using Guid(f135494de36f763449203eea835e18c4) Importer(815301076,1909f56bfc062723c751e8b465ee728b)  -> (artifact id: '4673521648e0e2e61091b7f0d4039838') in 0.015800 seconds 
  Import took 0.019717 seconds .

========================================================================
Received Import Request.
  Time since last request: 0.000324 seconds.
  path: Assets/Delivery Driver Assets
  artifactKey: Guid(08a20f34f30500849893c050340dd407) Importer(815301076,1909f56bfc062723c751e8b465ee728b)
Start importing Assets/Delivery Driver Assets using Guid(08a20f34f30500849893c050340dd407) Importer(815301076,1909f56bfc062723c751e8b465ee728b)  -> (artifact id: 'f7162e147cab1201633e0ae5d083d8c1') in 0.004653 seconds 
  Import took 0.008589 seconds .

========================================================================
Received Import Request.
  Time since last request: 0.000268 seconds.
  path: Assets/Delivery Driver Assets/Intersection 1.png
  artifactKey: Guid(5a5a392014b124540b13e73ab1660534) Importer(815301076,1909f56bfc062723c751e8b465ee728b)
Start importing Assets/Delivery Driver Assets/Intersection 1.png using Guid(5a5a392014b124540b13e73ab1660534) Importer(815301076,1909f56bfc062723c751e8b465ee728b)  -> (artifact id: '748d1182ceef576a732a54a3413f51b2') in 0.021490 seconds 
  Import took 0.025111 seconds .

========================================================================
Received Import Request.
  Time since last request: 0.000276 seconds.
  path: Assets/Delivery Driver Assets/Corner 4.png
  artifactKey: Guid(3c2d4b2ca3bd85f4c8534a4740bd9e67) Importer(815301076,1909f56bfc062723c751e8b465ee728b)
Start importing Assets/Delivery Driver Assets/Corner 4.png using Guid(3c2d4b2ca3bd85f4c8534a4740bd9e67) Importer(815301076,1909f56bfc062723c751e8b465ee728b)  -> (artifact id: '5c0ef3713789069d4ca6df248985cf4b') in 0.019075 seconds 
  Import took 0.023185 seconds .

========================================================================
Received Import Request.
  Time since last request: 0.000217 seconds.
  path: Assets/Delivery Driver Assets/House 3.png
  artifactKey: Guid(16ffdf1b2e828984793dde3cd25c1448) Importer(815301076,1909f56bfc062723c751e8b465ee728b)
Start importing Assets/Delivery Driver Assets/House 3.png using Guid(16ffdf1b2e828984793dde3cd25c1448) Importer(815301076,1909f56bfc062723c751e8b465ee728b)  -> (artifact id: '33814965d3556d3d9f44763687b914e7') in 0.017766 seconds 
  Import took 0.021665 seconds .

========================================================================
Received Import Request.
  Time since last request: 0.000215 seconds.
  path: Assets/Delivery Driver Assets/Corner 3.png
  artifactKey: Guid(fc2102ce13433e943a7edb044e755013) Importer(815301076,1909f56bfc062723c751e8b465ee728b)
Start importing Assets/Delivery Driver Assets/Corner 3.png using Guid(fc2102ce13433e943a7edb044e755013) Importer(815301076,1909f56bfc062723c751e8b465ee728b)  -> (artifact id: 'b9b64098e4db80b841c19297e8e52167') in 0.155883 seconds 
  Import took 0.159853 seconds .

========================================================================
Received Import Request.
  Time since last request: 656.981705 seconds.
  path: Assets/Delivery Driver Assets/House 1.png
  artifactKey: Guid(afebb3521bc2db74db13f2f068620bf1) Importer(815301076,1909f56bfc062723c751e8b465ee728b)
Start importing Assets/Delivery Driver Assets/House 1.png using Guid(afebb3521bc2db74db13f2f068620bf1) Importer(815301076,1909f56bfc062723c751e8b465ee728b)  -> (artifact id: '2f8bbcc8847389724d60323433540401') in 0.023396 seconds 
  Import took 0.029218 seconds .

========================================================================
Received Import Request.
  Time since last request: 305.604787 seconds.
  path: Assets/Delivery Driver Assets/Rocks 1.png
  artifactKey: Guid(cb9b9a8ae340af34cb2033692dbb56f2) Importer(815301076,1909f56bfc062723c751e8b465ee728b)
Start importing Assets/Delivery Driver Assets/Rocks 1.png using Guid(cb9b9a8ae340af34cb2033692dbb56f2) Importer(815301076,1909f56bfc062723c751e8b465ee728b)  -> (artifact id: '2e3127a1735d8fef322bb53abe0cc880') in 0.025183 seconds 
  Import took 0.029539 seconds .

========================================================================
Received Import Request.
  Time since last request: 81.787435 seconds.
  path: Assets/Delivery Driver Assets/Tree 1.png
  artifactKey: Guid(902cfea548161944bb76025c0b4277af) Importer(815301076,1909f56bfc062723c751e8b465ee728b)
Start importing Assets/Delivery Driver Assets/Tree 1.png using Guid(902cfea548161944bb76025c0b4277af) Importer(815301076,1909f56bfc062723c751e8b465ee728b)  -> (artifact id: '4763c6866ea2b0f3881e004e7eda070d') in 0.020938 seconds 
  Import took 0.024994 seconds .

========================================================================
Received Import Request.
  Time since last request: 0.005601 seconds.
  path: Assets/Delivery Driver Assets/Tree 1.png
  artifactKey: Guid(902cfea548161944bb76025c0b4277af) Importer(815301076,1909f56bfc062723c751e8b465ee728b)
Start importing Assets/Delivery Driver Assets/Tree 1.png using Guid(902cfea548161944bb76025c0b4277af) Importer(815301076,1909f56bfc062723c751e8b465ee728b)  -> (artifact id: '4763c6866ea2b0f3881e004e7eda070d') in 0.024387 seconds 
  Import took 0.028525 seconds .

========================================================================
Received Import Request.
  Time since last request: 30.285842 seconds.
  path: Assets/Delivery Driver Assets/Tree 4.png
  artifactKey: Guid(23a9300a351e60e4b80f04f65fcf9b5f) Importer(815301076,1909f56bfc062723c751e8b465ee728b)
Start importing Assets/Delivery Driver Assets/Tree 4.png using Guid(23a9300a351e60e4b80f04f65fcf9b5f) Importer(815301076,1909f56bfc062723c751e8b465ee728b)  -> (artifact id: 'fb6e40da20e0bfca018b72f49293c576') in 0.017744 seconds 
  Import took 0.023288 seconds .

========================================================================
Received Import Request.
  Time since last request: 0.000250 seconds.
  path: Assets/Delivery Driver Assets/Tree 2.png
  artifactKey: Guid(148652157e6c19b41a2adffe2c2f60bb) Importer(815301076,1909f56bfc062723c751e8b465ee728b)
Start importing Assets/Delivery Driver Assets/Tree 2.png using Guid(148652157e6c19b41a2adffe2c2f60bb) Importer(815301076,1909f56bfc062723c751e8b465ee728b)  -> (artifact id: 'cbc6edbd9de13a6199f1682122a90611') in 0.021059 seconds 
  Import took 0.024699 seconds .

========================================================================
Received Import Request.
  Time since last request: 0.000281 seconds.
  path: Assets/Delivery Driver Assets/Tree 3.png
  artifactKey: Guid(c43877eb8d07e884996e2d0d1d7063bb) Importer(815301076,1909f56bfc062723c751e8b465ee728b)
Start importing Assets/Delivery Driver Assets/Tree 3.png using Guid(c43877eb8d07e884996e2d0d1d7063bb) Importer(815301076,1909f56bfc062723c751e8b465ee728b)  -> (artifact id: '141dcedf25eabcdef612268f00cd9e1d') in 0.021290 seconds 
  Import took 0.025275 seconds .

AssetImportWorkerClient::OnTransportError - code=2 error=End of file
